h:\datn\nhap\code_all_ver3\kinectv2\x64\release\vtklibrary.pch
h:\datn\nhap\code_all_ver3\kinectv2\x64\release\vc142.pdb
h:\datn\nhap\code_all_ver3\kinectv2\x64\release\stdafx.obj
h:\datn\nhap\code_all_ver3\kinectv2\x64\release\vtkransacplane.obj
h:\datn\nhap\code_all_ver3\kinectv2\x64\release\vtklibrary.obj
h:\datn\nhap\code_all_ver3\kinectv2\x64\release\assemblyinfo.obj
h:\datn\nhap\code_all_ver3\kinectv2\x64\release\.netframework,version=v4.6.1.assemblyattributes.obj
h:\datn\nhap\code_all_ver3\x64\release\vtklibrary.dll
h:\datn\nhap\code_all_ver3\x64\release\vtklibrary.pdb
h:\datn\nhap\code_all_ver3\kinectv2\x64\release\vtklibrary.tlog\metagen.write.1.tlog
h:\datn\nhap\code_all_ver3\kinectv2\x64\release\app.res
h:\datn\nhap\code_all_ver3\kinectv2\x64\release\vtklibrary.tlog\cl.command.1.tlog
h:\datn\nhap\code_all_ver3\kinectv2\x64\release\vtklibrary.tlog\cl.read.1.tlog
h:\datn\nhap\code_all_ver3\kinectv2\x64\release\vtklibrary.tlog\cl.write.1.tlog
h:\datn\nhap\code_all_ver3\kinectv2\x64\release\vtklibrary.tlog\link.command.1.tlog
h:\datn\nhap\code_all_ver3\kinectv2\x64\release\vtklibrary.tlog\link.read.1.tlog
h:\datn\nhap\code_all_ver3\kinectv2\x64\release\vtklibrary.tlog\link.write.1.tlog
h:\datn\nhap\code_all_ver3\kinectv2\x64\release\vtklibrary.tlog\metagen.read.1.tlog
h:\datn\nhap\code_all_ver3\kinectv2\x64\release\vtklibrary.tlog\rc.command.1.tlog
h:\datn\nhap\code_all_ver3\kinectv2\x64\release\vtklibrary.tlog\rc.read.1.tlog
h:\datn\nhap\code_all_ver3\kinectv2\x64\release\vtklibrary.tlog\rc.write.1.tlog
h:\datn\nhap\code_all_ver3\kinectv2\x64\release\vtklibrary.tlog\kitware.mummy.runtime.dll.metagen
h:\datn\nhap\code_all_ver3\kinectv2\x64\release\vtklibrary.tlog\kitware.vtk.dll.metagen
